<?xml version="1.0" encoding="UTF-8"?>
<!-- Generated by org.testng.reporters.JUnitReportReporter -->
<testsuite hostname="Admin-PC" failures="0" tests="1" name="com.FlightReservation.testcases.OpenApplication" time="26.012" errors="0" timestamp="2021-02-14T12:50:35 IST" skipped="0">
  <testcase classname="com.FlightReservation.testcases.OpenApplication" name="openApp" time="26.012"/>
  <system-out/>
</testsuite> <!-- com.FlightReservation.testcases.OpenApplication -->
