<?xml version="1.0" encoding="UTF-8"?>
<!-- Generated by org.testng.reporters.JUnitReportReporter -->
<testsuite hostname="Admin-PC" failures="0" tests="1" name="com.FlightReservation.testcases.OpenTestFlightReservation" time="33.782" errors="0" timestamp="2021-02-23T16:21:55 IST" skipped="0">
  <testcase classname="com.FlightReservation.testcases.OpenTestFlightReservation" name="openApp" time="33.782"/>
  <system-out/>
</testsuite> <!-- com.FlightReservation.testcases.OpenTestFlightReservation -->
